

*******************************************************************************
Sat Feb  3 18:09:42 2018


FIT:    data read from "free-energy-curve_binodal-points.dat" using 3:4
        format = x:z
        #datapoints = 2
        residuals are weighted equally (unit weight)

function used for fitting: f(x)
fitted parameters initialized with current variable values



 Iteration 0
 WSSR        : 15.8011           delta(WSSR)/WSSR   : 0
 delta(WSSR) : 0                 limit for stopping : 1e-05
 lambda	  : 0.866025

initial set of free parameter values

a               = 1
b               = 1

After 5 iterations the fit converged.
final sum of squares of residuals : 0
abs. change during last iteration : -7.09756e-25


Exactly as many data points as there are parameters.
In this degenerate case, all errors are zero by definition.

Final set of parameters 
======================= 

a               = -0.054675      
b               = -1.23354       


*******************************************************************************
Sat Feb  3 18:10:27 2018


FIT:    data read from "free-energy-curve_binodal-points.dat" using 3:4
        format = x:z
        #datapoints = 2
        residuals are weighted equally (unit weight)

function used for fitting: f(x)
fitted parameters initialized with current variable values



 Iteration 0
 WSSR        : 15.8011           delta(WSSR)/WSSR   : 0
 delta(WSSR) : 0                 limit for stopping : 1e-05
 lambda	  : 0.866025

initial set of free parameter values

a               = 1
b               = 1

After 5 iterations the fit converged.
final sum of squares of residuals : 0
abs. change during last iteration : -7.09756e-25


Exactly as many data points as there are parameters.
In this degenerate case, all errors are zero by definition.

Final set of parameters 
======================= 

a               = -0.054675      
b               = -1.23354       


*******************************************************************************
Sat Feb  3 18:11:51 2018


FIT:    data read from "free-energy-curve_binodal-points.dat" using 3:4
        format = x:z
        #datapoints = 2
        residuals are weighted equally (unit weight)

function used for fitting: f(x)
fitted parameters initialized with current variable values



 Iteration 0
 WSSR        : 15.8011           delta(WSSR)/WSSR   : 0
 delta(WSSR) : 0                 limit for stopping : 1e-05
 lambda	  : 0.866025

initial set of free parameter values

a               = 1
b               = 1

After 5 iterations the fit converged.
final sum of squares of residuals : 0
abs. change during last iteration : -7.09756e-25


Exactly as many data points as there are parameters.
In this degenerate case, all errors are zero by definition.

Final set of parameters 
======================= 

a               = -0.054675      
b               = -1.23354       


*******************************************************************************
Sat Feb  3 18:14:59 2018


FIT:    data read from "free-energy-curve_binodal-points.dat" using 3:4
        format = x:z
        #datapoints = 2
        residuals are weighted equally (unit weight)

function used for fitting: f(x)
fitted parameters initialized with current variable values



 Iteration 0
 WSSR        : 15.8011           delta(WSSR)/WSSR   : 0
 delta(WSSR) : 0                 limit for stopping : 1e-05
 lambda	  : 0.866025

initial set of free parameter values

a               = 1
b               = 1

After 5 iterations the fit converged.
final sum of squares of residuals : 0
abs. change during last iteration : -7.09756e-25


Exactly as many data points as there are parameters.
In this degenerate case, all errors are zero by definition.

Final set of parameters 
======================= 

a               = -0.054675      
b               = -1.23354       


*******************************************************************************
Sat Feb  3 18:16:20 2018


FIT:    data read from "free-energy-curve_binodal-points.dat" using 3:4
        format = x:z
        #datapoints = 2
        residuals are weighted equally (unit weight)

function used for fitting: f(x)
fitted parameters initialized with current variable values



 Iteration 0
 WSSR        : 15.8011           delta(WSSR)/WSSR   : 0
 delta(WSSR) : 0                 limit for stopping : 1e-05
 lambda	  : 0.866025

initial set of free parameter values

a               = 1
b               = 1

After 5 iterations the fit converged.
final sum of squares of residuals : 0
abs. change during last iteration : -7.09756e-25


Exactly as many data points as there are parameters.
In this degenerate case, all errors are zero by definition.

Final set of parameters 
======================= 

a               = -0.054675      
b               = -1.23354       


*******************************************************************************
Sat Feb  3 18:31:25 2018


FIT:    data read from "free-energy-curve_binodal-points.dat" using 3:4
        format = x:z
        #datapoints = 2
        residuals are weighted equally (unit weight)

function used for fitting: f(x)
fitted parameters initialized with current variable values



 Iteration 0
 WSSR        : 15.8011           delta(WSSR)/WSSR   : 0
 delta(WSSR) : 0                 limit for stopping : 1e-05
 lambda	  : 0.866025

initial set of free parameter values

a               = 1
b               = 1

After 5 iterations the fit converged.
final sum of squares of residuals : 0
abs. change during last iteration : -7.09756e-25


Exactly as many data points as there are parameters.
In this degenerate case, all errors are zero by definition.

Final set of parameters 
======================= 

a               = -0.054675      
b               = -1.23354       


*******************************************************************************
Sat Feb  3 18:32:04 2018


FIT:    data read from "free-energy-curve_binodal-points.dat" using 3:4
        format = x:z
        #datapoints = 2
        residuals are weighted equally (unit weight)

function used for fitting: f(x)
fitted parameters initialized with current variable values



 Iteration 0
 WSSR        : 15.8011           delta(WSSR)/WSSR   : 0
 delta(WSSR) : 0                 limit for stopping : 1e-05
 lambda	  : 0.866025

initial set of free parameter values

a               = 1
b               = 1

After 5 iterations the fit converged.
final sum of squares of residuals : 0
abs. change during last iteration : -7.09756e-25


Exactly as many data points as there are parameters.
In this degenerate case, all errors are zero by definition.

Final set of parameters 
======================= 

a               = -0.054675      
b               = -1.23354       


*******************************************************************************
Sat Feb  3 18:36:09 2018


FIT:    data read from "free-energy-curve_binodal-points.dat" using 3:4
        format = x:z
        #datapoints = 2
        residuals are weighted equally (unit weight)

function used for fitting: f(x)
fitted parameters initialized with current variable values



 Iteration 0
 WSSR        : 15.8011           delta(WSSR)/WSSR   : 0
 delta(WSSR) : 0                 limit for stopping : 1e-05
 lambda	  : 0.866025

initial set of free parameter values

a               = 1
b               = 1

After 5 iterations the fit converged.
final sum of squares of residuals : 0
abs. change during last iteration : -7.09756e-25


Exactly as many data points as there are parameters.
In this degenerate case, all errors are zero by definition.

Final set of parameters 
======================= 

a               = -0.054675      
b               = -1.23354       


*******************************************************************************
Sat Feb  3 18:36:58 2018


FIT:    data read from "free-energy-curve_binodal-points.dat" using 3:4
        format = x:z
        #datapoints = 2
        residuals are weighted equally (unit weight)

function used for fitting: f(x)
fitted parameters initialized with current variable values



 Iteration 0
 WSSR        : 15.8011           delta(WSSR)/WSSR   : 0
 delta(WSSR) : 0                 limit for stopping : 1e-05
 lambda	  : 0.866025

initial set of free parameter values

a               = 1
b               = 1

After 5 iterations the fit converged.
final sum of squares of residuals : 0
abs. change during last iteration : -7.09756e-25


Exactly as many data points as there are parameters.
In this degenerate case, all errors are zero by definition.

Final set of parameters 
======================= 

a               = -0.054675      
b               = -1.23354       


*******************************************************************************
Sat Feb  3 18:38:05 2018


FIT:    data read from "free-energy-curve_binodal-points.dat" using 3:4
        format = x:z
        #datapoints = 2
        residuals are weighted equally (unit weight)

function used for fitting: f(x)
fitted parameters initialized with current variable values



 Iteration 0
 WSSR        : 15.8011           delta(WSSR)/WSSR   : 0
 delta(WSSR) : 0                 limit for stopping : 1e-05
 lambda	  : 0.866025

initial set of free parameter values

a               = 1
b               = 1

After 5 iterations the fit converged.
final sum of squares of residuals : 0
abs. change during last iteration : -7.09756e-25


Exactly as many data points as there are parameters.
In this degenerate case, all errors are zero by definition.

Final set of parameters 
======================= 

a               = -0.054675      
b               = -1.23354       


*******************************************************************************
Sat Feb  3 18:38:17 2018


FIT:    data read from "free-energy-curve_binodal-points.dat" using 3:4
        format = x:z
        #datapoints = 2
        residuals are weighted equally (unit weight)

function used for fitting: f(x)
fitted parameters initialized with current variable values



 Iteration 0
 WSSR        : 15.8011           delta(WSSR)/WSSR   : 0
 delta(WSSR) : 0                 limit for stopping : 1e-05
 lambda	  : 0.866025

initial set of free parameter values

a               = 1
b               = 1

After 5 iterations the fit converged.
final sum of squares of residuals : 0
abs. change during last iteration : -7.09756e-25


Exactly as many data points as there are parameters.
In this degenerate case, all errors are zero by definition.

Final set of parameters 
======================= 

a               = -0.054675      
b               = -1.23354       


*******************************************************************************
Sat Feb  3 18:39:25 2018


FIT:    data read from "free-energy-curve_binodal-points.dat" using 3:4
        format = x:z
        #datapoints = 2
        residuals are weighted equally (unit weight)

function used for fitting: f(x)
fitted parameters initialized with current variable values



 Iteration 0
 WSSR        : 15.8011           delta(WSSR)/WSSR   : 0
 delta(WSSR) : 0                 limit for stopping : 1e-05
 lambda	  : 0.866025

initial set of free parameter values

a               = 1
b               = 1

After 5 iterations the fit converged.
final sum of squares of residuals : 0
abs. change during last iteration : -7.09756e-25


Exactly as many data points as there are parameters.
In this degenerate case, all errors are zero by definition.

Final set of parameters 
======================= 

a               = -0.054675      
b               = -1.23354       


*******************************************************************************
Sat Feb  3 18:40:41 2018


FIT:    data read from "free-energy-curve_binodal-points.dat" using 3:4
        format = x:z
        #datapoints = 2
        residuals are weighted equally (unit weight)

function used for fitting: f(x)
fitted parameters initialized with current variable values



 Iteration 0
 WSSR        : 15.8011           delta(WSSR)/WSSR   : 0
 delta(WSSR) : 0                 limit for stopping : 1e-05
 lambda	  : 0.866025

initial set of free parameter values

a               = 1
b               = 1

After 5 iterations the fit converged.
final sum of squares of residuals : 0
abs. change during last iteration : -7.09756e-25


Exactly as many data points as there are parameters.
In this degenerate case, all errors are zero by definition.

Final set of parameters 
======================= 

a               = -0.054675      
b               = -1.23354       


*******************************************************************************
Sat Feb  3 18:41:42 2018


FIT:    data read from "free-energy-curve_binodal-points.dat" using 3:4
        format = x:z
        #datapoints = 2
        residuals are weighted equally (unit weight)

function used for fitting: f(x)
fitted parameters initialized with current variable values



 Iteration 0
 WSSR        : 15.8011           delta(WSSR)/WSSR   : 0
 delta(WSSR) : 0                 limit for stopping : 1e-05
 lambda	  : 0.866025

initial set of free parameter values

a               = 1
b               = 1

After 5 iterations the fit converged.
final sum of squares of residuals : 0
abs. change during last iteration : -7.09756e-25


Exactly as many data points as there are parameters.
In this degenerate case, all errors are zero by definition.

Final set of parameters 
======================= 

a               = -0.054675      
b               = -1.23354       


*******************************************************************************
Sat Feb  3 18:42:33 2018


FIT:    data read from "free-energy-curve_binodal-points.dat" using 3:4
        format = x:z
        #datapoints = 2
        residuals are weighted equally (unit weight)

function used for fitting: f(x)
fitted parameters initialized with current variable values



 Iteration 0
 WSSR        : 15.8011           delta(WSSR)/WSSR   : 0
 delta(WSSR) : 0                 limit for stopping : 1e-05
 lambda	  : 0.866025

initial set of free parameter values

a               = 1
b               = 1

After 5 iterations the fit converged.
final sum of squares of residuals : 0
abs. change during last iteration : -7.09756e-25


Exactly as many data points as there are parameters.
In this degenerate case, all errors are zero by definition.

Final set of parameters 
======================= 

a               = -0.054675      
b               = -1.23354       


*******************************************************************************
Sat Feb  3 18:45:41 2018


FIT:    data read from "free-energy-curve_binodal-points.dat" using 3:4
        format = x:z
        #datapoints = 2
        residuals are weighted equally (unit weight)

function used for fitting: f(x)
fitted parameters initialized with current variable values



 Iteration 0
 WSSR        : 15.8011           delta(WSSR)/WSSR   : 0
 delta(WSSR) : 0                 limit for stopping : 1e-05
 lambda	  : 0.866025

initial set of free parameter values

a               = 1
b               = 1

After 5 iterations the fit converged.
final sum of squares of residuals : 0
abs. change during last iteration : -7.09756e-25


Exactly as many data points as there are parameters.
In this degenerate case, all errors are zero by definition.

Final set of parameters 
======================= 

a               = -0.054675      
b               = -1.23354       


*******************************************************************************
Sat Feb  3 18:46:31 2018


FIT:    data read from "free-energy-curve_binodal-points.dat" using 3:4
        format = x:z
        #datapoints = 2
        residuals are weighted equally (unit weight)

function used for fitting: f(x)
fitted parameters initialized with current variable values



 Iteration 0
 WSSR        : 15.8011           delta(WSSR)/WSSR   : 0
 delta(WSSR) : 0                 limit for stopping : 1e-05
 lambda	  : 0.866025

initial set of free parameter values

a               = 1
b               = 1

After 5 iterations the fit converged.
final sum of squares of residuals : 0
abs. change during last iteration : -7.09756e-25


Exactly as many data points as there are parameters.
In this degenerate case, all errors are zero by definition.

Final set of parameters 
======================= 

a               = -0.054675      
b               = -1.23354       


*******************************************************************************
Sat Feb  3 18:47:13 2018


FIT:    data read from "free-energy-curve_binodal-points.dat" using 3:4
        format = x:z
        #datapoints = 2
        residuals are weighted equally (unit weight)

function used for fitting: f(x)
fitted parameters initialized with current variable values



 Iteration 0
 WSSR        : 15.8011           delta(WSSR)/WSSR   : 0
 delta(WSSR) : 0                 limit for stopping : 1e-05
 lambda	  : 0.866025

initial set of free parameter values

a               = 1
b               = 1

After 5 iterations the fit converged.
final sum of squares of residuals : 0
abs. change during last iteration : -7.09756e-25


Exactly as many data points as there are parameters.
In this degenerate case, all errors are zero by definition.

Final set of parameters 
======================= 

a               = -0.054675      
b               = -1.23354       


*******************************************************************************
Sat Feb  3 18:49:30 2018


FIT:    data read from "free-energy-curve_binodal-points.dat" using 3:4
        format = x:z
        #datapoints = 2
        residuals are weighted equally (unit weight)

function used for fitting: f(x)
fitted parameters initialized with current variable values



 Iteration 0
 WSSR        : 15.8011           delta(WSSR)/WSSR   : 0
 delta(WSSR) : 0                 limit for stopping : 1e-05
 lambda	  : 0.866025

initial set of free parameter values

a               = 1
b               = 1

After 5 iterations the fit converged.
final sum of squares of residuals : 0
abs. change during last iteration : -7.09756e-25


Exactly as many data points as there are parameters.
In this degenerate case, all errors are zero by definition.

Final set of parameters 
======================= 

a               = -0.054675      
b               = -1.23354       


*******************************************************************************
Sat Feb  3 18:51:39 2018


FIT:    data read from "free-energy-curve_binodal-points.dat" using 3:4
        format = x:z
        #datapoints = 2
        residuals are weighted equally (unit weight)

function used for fitting: f(x)
fitted parameters initialized with current variable values



 Iteration 0
 WSSR        : 15.8011           delta(WSSR)/WSSR   : 0
 delta(WSSR) : 0                 limit for stopping : 1e-05
 lambda	  : 0.866025

initial set of free parameter values

a               = 1
b               = 1

After 5 iterations the fit converged.
final sum of squares of residuals : 0
abs. change during last iteration : -7.09756e-25


Exactly as many data points as there are parameters.
In this degenerate case, all errors are zero by definition.

Final set of parameters 
======================= 

a               = -0.054675      
b               = -1.23354       


*******************************************************************************
Sat Feb  3 18:52:16 2018


FIT:    data read from "free-energy-curve_binodal-points.dat" using 3:4
        format = x:z
        #datapoints = 2
        residuals are weighted equally (unit weight)

function used for fitting: f(x)
fitted parameters initialized with current variable values



 Iteration 0
 WSSR        : 15.8011           delta(WSSR)/WSSR   : 0
 delta(WSSR) : 0                 limit for stopping : 1e-05
 lambda	  : 0.866025

initial set of free parameter values

a               = 1
b               = 1

After 5 iterations the fit converged.
final sum of squares of residuals : 0
abs. change during last iteration : -7.09756e-25


Exactly as many data points as there are parameters.
In this degenerate case, all errors are zero by definition.

Final set of parameters 
======================= 

a               = -0.054675      
b               = -1.23354       


*******************************************************************************
Sat Feb  3 19:00:23 2018


FIT:    data read from "free-energy-curve_binodal-points.dat" using 3:4
        format = x:z
        #datapoints = 2
        residuals are weighted equally (unit weight)

function used for fitting: f(x)
fitted parameters initialized with current variable values



 Iteration 0
 WSSR        : 15.8011           delta(WSSR)/WSSR   : 0
 delta(WSSR) : 0                 limit for stopping : 1e-05
 lambda	  : 0.866025

initial set of free parameter values

a               = 1
b               = 1

After 5 iterations the fit converged.
final sum of squares of residuals : 0
abs. change during last iteration : -7.09756e-25


Exactly as many data points as there are parameters.
In this degenerate case, all errors are zero by definition.

Final set of parameters 
======================= 

a               = -0.054675      
b               = -1.23354       


*******************************************************************************
Sat Feb  3 19:04:00 2018


FIT:    data read from "free-energy-curve_binodal-points.dat" using 3:4
        format = x:z
        #datapoints = 2
        residuals are weighted equally (unit weight)

function used for fitting: f(x)
fitted parameters initialized with current variable values



 Iteration 0
 WSSR        : 15.8011           delta(WSSR)/WSSR   : 0
 delta(WSSR) : 0                 limit for stopping : 1e-05
 lambda	  : 0.866025

initial set of free parameter values

a               = 1
b               = 1

After 5 iterations the fit converged.
final sum of squares of residuals : 0
abs. change during last iteration : -7.09756e-25


Exactly as many data points as there are parameters.
In this degenerate case, all errors are zero by definition.

Final set of parameters 
======================= 

a               = -0.054675      
b               = -1.23354       


*******************************************************************************
Sat Feb  3 19:09:36 2018


FIT:    data read from "free-energy-curve_binodal-points.dat" using 3:4
        format = x:z
        #datapoints = 2
        residuals are weighted equally (unit weight)

function used for fitting: f(x)
fitted parameters initialized with current variable values



 Iteration 0
 WSSR        : 15.8011           delta(WSSR)/WSSR   : 0
 delta(WSSR) : 0                 limit for stopping : 1e-05
 lambda	  : 0.866025

initial set of free parameter values

a               = 1
b               = 1

After 5 iterations the fit converged.
final sum of squares of residuals : 0
abs. change during last iteration : -7.09756e-25


Exactly as many data points as there are parameters.
In this degenerate case, all errors are zero by definition.

Final set of parameters 
======================= 

a               = -0.054675      
b               = -1.23354       


*******************************************************************************
Sat Feb  3 19:11:46 2018


FIT:    data read from "free-energy-curve_binodal-points.dat" using 3:4
        format = x:z
        #datapoints = 2
        residuals are weighted equally (unit weight)

function used for fitting: f(x)
fitted parameters initialized with current variable values



 Iteration 0
 WSSR        : 15.8011           delta(WSSR)/WSSR   : 0
 delta(WSSR) : 0                 limit for stopping : 1e-05
 lambda	  : 0.866025

initial set of free parameter values

a               = 1
b               = 1

After 5 iterations the fit converged.
final sum of squares of residuals : 0
abs. change during last iteration : -7.09756e-25


Exactly as many data points as there are parameters.
In this degenerate case, all errors are zero by definition.

Final set of parameters 
======================= 

a               = -0.054675      
b               = -1.23354       


*******************************************************************************
Sat Feb  3 19:16:12 2018


FIT:    data read from "free-energy-curve_binodal-points.dat" using 3:4
        format = x:z
        #datapoints = 2
        residuals are weighted equally (unit weight)

function used for fitting: f(x)
fitted parameters initialized with current variable values



 Iteration 0
 WSSR        : 15.8011           delta(WSSR)/WSSR   : 0
 delta(WSSR) : 0                 limit for stopping : 1e-05
 lambda	  : 0.866025

initial set of free parameter values

a               = 1
b               = 1

After 5 iterations the fit converged.
final sum of squares of residuals : 0
abs. change during last iteration : -7.09756e-25


Exactly as many data points as there are parameters.
In this degenerate case, all errors are zero by definition.

Final set of parameters 
======================= 

a               = -0.054675      
b               = -1.23354       


*******************************************************************************
Sat Feb  3 19:21:49 2018


FIT:    data read from "free-energy-curve_binodal-points.dat" using 3:4
        format = x:z
        #datapoints = 2
        residuals are weighted equally (unit weight)

function used for fitting: f(x)
fitted parameters initialized with current variable values



 Iteration 0
 WSSR        : 15.8011           delta(WSSR)/WSSR   : 0
 delta(WSSR) : 0                 limit for stopping : 1e-05
 lambda	  : 0.866025

initial set of free parameter values

a               = 1
b               = 1

After 5 iterations the fit converged.
final sum of squares of residuals : 0
abs. change during last iteration : -7.09756e-25


Exactly as many data points as there are parameters.
In this degenerate case, all errors are zero by definition.

Final set of parameters 
======================= 

a               = -0.054675      
b               = -1.23354       


*******************************************************************************
Sat Feb  3 19:22:59 2018


FIT:    data read from "free-energy-curve_binodal-points.dat" using 3:4
        format = x:z
        #datapoints = 2
        residuals are weighted equally (unit weight)

function used for fitting: f(x)
fitted parameters initialized with current variable values



 Iteration 0
 WSSR        : 15.8011           delta(WSSR)/WSSR   : 0
 delta(WSSR) : 0                 limit for stopping : 1e-05
 lambda	  : 0.866025

initial set of free parameter values

a               = 1
b               = 1

After 5 iterations the fit converged.
final sum of squares of residuals : 0
abs. change during last iteration : -7.09756e-25


Exactly as many data points as there are parameters.
In this degenerate case, all errors are zero by definition.

Final set of parameters 
======================= 

a               = -0.054675      
b               = -1.23354       


*******************************************************************************
Sat Feb  3 19:23:10 2018


FIT:    data read from "free-energy-curve_binodal-points.dat" using 3:4
        format = x:z
        #datapoints = 2
        residuals are weighted equally (unit weight)

function used for fitting: f(x)
fitted parameters initialized with current variable values



 Iteration 0
 WSSR        : 15.8011           delta(WSSR)/WSSR   : 0
 delta(WSSR) : 0                 limit for stopping : 1e-05
 lambda	  : 0.866025

initial set of free parameter values

a               = 1
b               = 1

After 5 iterations the fit converged.
final sum of squares of residuals : 0
abs. change during last iteration : -7.09756e-25


Exactly as many data points as there are parameters.
In this degenerate case, all errors are zero by definition.

Final set of parameters 
======================= 

a               = -0.054675      
b               = -1.23354       


*******************************************************************************
Sat Feb  3 19:25:00 2018


FIT:    data read from "free-energy-curve_binodal-points.dat" using 3:4
        format = x:z
        #datapoints = 2
        residuals are weighted equally (unit weight)

function used for fitting: f(x)
fitted parameters initialized with current variable values



 Iteration 0
 WSSR        : 15.8011           delta(WSSR)/WSSR   : 0
 delta(WSSR) : 0                 limit for stopping : 1e-05
 lambda	  : 0.866025

initial set of free parameter values

a               = 1
b               = 1

After 5 iterations the fit converged.
final sum of squares of residuals : 0
abs. change during last iteration : -7.09756e-25


Exactly as many data points as there are parameters.
In this degenerate case, all errors are zero by definition.

Final set of parameters 
======================= 

a               = -0.054675      
b               = -1.23354       


*******************************************************************************
Sun Feb  4 08:20:32 2018


FIT:    data read from "free-energy-curve_binodal-points.dat" using 3:4
        format = x:z
        #datapoints = 2
        residuals are weighted equally (unit weight)

function used for fitting: f(x)
fitted parameters initialized with current variable values



 Iteration 0
 WSSR        : 15.8011           delta(WSSR)/WSSR   : 0
 delta(WSSR) : 0                 limit for stopping : 1e-05
 lambda	  : 0.866025

initial set of free parameter values

a               = 1
b               = 1

After 5 iterations the fit converged.
final sum of squares of residuals : 0
abs. change during last iteration : -7.09756e-25


Exactly as many data points as there are parameters.
In this degenerate case, all errors are zero by definition.

Final set of parameters 
======================= 

a               = -0.054675      
b               = -1.23354       
